0 info it worked if it ends with ok
1 verbose cli [ '/usr/local/bin/node', '/usr/local/bin/npm', 'start' ]
2 info using npm@3.8.1
3 info using node@v5.4.1
4 verbose run-script [ 'prestart', 'start', 'poststart' ]
5 info lifecycle GrandPrix_Sylvain_Metayer@0.3.2~prestart: GrandPrix_Sylvain_Metayer@0.3.2
6 silly lifecycle GrandPrix_Sylvain_Metayer@0.3.2~prestart: no script for prestart, continuing
7 info lifecycle GrandPrix_Sylvain_Metayer@0.3.2~start: GrandPrix_Sylvain_Metayer@0.3.2
8 verbose lifecycle GrandPrix_Sylvain_Metayer@0.3.2~start: unsafe-perm in lifecycle true
9 verbose lifecycle GrandPrix_Sylvain_Metayer@0.3.2~start: PATH: /usr/local/lib/node_modules/npm/bin/node-gyp-bin:/media/ocyhc/DATA/Documents/GitHub/S4/Node-F1/node_modules/.bin:/usr/local/bin:/home/ocyhc/:/home/ocyhc/software/genymotion:/home/ocyhc/Android/Sdk/platform-tools/:/home/ocyhc/software/android-studio/bin:/home/ocyhc/software/netkit/bin:/usr/local/bin:/usr/bin:/bin:/usr/local/games:/usr/games:/opt/java/jdk1.8.0_45/bin:/opt/java/jdk1.8.0_45/jre/bin
10 verbose lifecycle GrandPrix_Sylvain_Metayer@0.3.2~start: CWD: /media/ocyhc/DATA/Documents/GitHub/S4/Node-F1
11 silly lifecycle GrandPrix_Sylvain_Metayer@0.3.2~start: Args: [ '-c', 'node app.js' ]
12 silly lifecycle GrandPrix_Sylvain_Metayer@0.3.2~start: Returned: code: 1  signal: null
13 info lifecycle GrandPrix_Sylvain_Metayer@0.3.2~start: Failed to exec start script
14 verbose stack Error: GrandPrix_Sylvain_Metayer@0.3.2 start: `node app.js`
14 verbose stack Exit status 1
14 verbose stack     at EventEmitter.<anonymous> (/usr/local/lib/node_modules/npm/lib/utils/lifecycle.js:239:16)
14 verbose stack     at emitTwo (events.js:87:13)
14 verbose stack     at EventEmitter.emit (events.js:172:7)
14 verbose stack     at ChildProcess.<anonymous> (/usr/local/lib/node_modules/npm/lib/utils/spawn.js:24:14)
14 verbose stack     at emitTwo (events.js:87:13)
14 verbose stack     at ChildProcess.emit (events.js:172:7)
14 verbose stack     at maybeClose (internal/child_process.js:821:16)
14 verbose stack     at Process.ChildProcess._handle.onexit (internal/child_process.js:211:5)
15 verbose pkgid GrandPrix_Sylvain_Metayer@0.3.2
16 verbose cwd /media/ocyhc/DATA/Documents/GitHub/S4/Node-F1
17 error Linux 3.16.0-4-amd64
18 error argv "/usr/local/bin/node" "/usr/local/bin/npm" "start"
19 error node v5.4.1
20 error npm  v3.8.1
21 error code ELIFECYCLE
22 error GrandPrix_Sylvain_Metayer@0.3.2 start: `node app.js`
22 error Exit status 1
23 error Failed at the GrandPrix_Sylvain_Metayer@0.3.2 start script 'node app.js'.
23 error Make sure you have the latest version of node.js and npm installed.
23 error If you do, this is most likely a problem with the GrandPrix_Sylvain_Metayer package,
23 error not with npm itself.
23 error Tell the author that this fails on your system:
23 error     node app.js
23 error You can get information on how to open an issue for this project with:
23 error     npm bugs GrandPrix_Sylvain_Metayer
23 error Or if that isn't available, you can get their info via:
23 error     npm owner ls GrandPrix_Sylvain_Metayer
23 error There is likely additional logging output above.
24 verbose exit [ 1, true ]
